2025-12-18 08:20:34.162 UTC [3476] LOG:  duration: 2.166 ms  plan:
	{
	  "Query Text": "/*traceparent='00-bb4599c810d56f74fbbed0a03b0681a0-3c615a97b2013cde-01'*/ SELECT o.order_id, o.customer_id, c.name\n           FROM orders o\n           JOIN customers c ON o.customer_id = c.customer_id\n           WHERE o.order_date > '2024-01-01';",
	  "Plan": {
	    "Node Type": "Hash Join",
	    "Parallel Aware": false,
	    "Join Type": "Inner",
	    "Startup Cost": 22.50,
	    "Total Cost": 86.62,
	    "Plan Rows": 333,
	    "Plan Width": 68,
	    "Actual Startup Time": 0.234,
	    "Actual Total Time": 1.456,
	    "Actual Rows": 245,
	    "Actual Loops": 1,
	    "Plans": [
	      {
	        "Node Type": "Seq Scan",
	        "Parent Relationship": "Outer",
	        "Relation Name": "orders",
	        "Alias": "o",
	        "Startup Cost": 0.00,
	        "Total Cost": 33.75,
	        "Plan Rows": 333,
	        "Plan Width": 16,
	        "Actual Startup Time": 0.012,
	        "Actual Total Time": 0.234,
	        "Actual Rows": 245,
	        "Actual Loops": 1
	      },
	      {
	        "Node Type": "Hash",
	        "Parent Relationship": "Inner",
	        "Startup Cost": 20.00,
	        "Total Cost": 20.00,
	        "Plan Rows": 1000,
	        "Plan Width": 60,
	        "Actual Startup Time": 0.189,
	        "Actual Total Time": 0.189,
	        "Actual Rows": 1000,
	        "Actual Loops": 1,
	        "Plans": [
	          {
	            "Node Type": "Seq Scan",
	            "Parent Relationship": "Outer",
	            "Relation Name": "customers",
	            "Alias": "c",
	            "Startup Cost": 0.00,
	            "Total Cost": 20.00,
	            "Plan Rows": 1000,
	            "Plan Width": 60,
	            "Actual Startup Time": 0.008,
	            "Actual Total Time": 0.123,
	            "Actual Rows": 1000,
	            "Actual Loops": 1
	          }
	        ]
	      }
	    ]
	  }
	}
