[
  {
    "Plan": {
      "Node Type": "ModifyTable",
      "Operation": "Insert",
      "Parallel Aware": false,
      "Relation Name": "foo",
      "Alias": "foo",
      "Startup Cost": 0,
      "Total Cost": 10,
      "Plan Rows": 1000,
      "Plan Width": 4,
      "Actual Startup Time": 128.774,
      "Actual Total Time": 128.774,
      "Actual Rows": 0,
      "Actual Loops": 1,
      "Plans": [
        {
          "Node Type": "Function Scan",
          "Parent Relationship": "Member",
          "Parallel Aware": false,
          "Function Name": "generate_series",
          "Alias": "generate_series",
          "Startup Cost": 0,
          "Total Cost": 10,
          "Plan Rows": 1000,
          "Plan Width": 4,
          "Actual Startup Time": 11.803,
          "Actual Total Time": 23.499,
          "Actual Rows": 100000,
          "Actual Loops": 1
        }
      ]
    },
    "Planning Time": 0.042,
    "Triggers": [],
    "Execution Time": 130.114
  },
  {
    "Plan": {
      "Node Type": "ModifyTable",
      "Operation": "Insert",
      "Parallel Aware": false,
      "Relation Name": "bar",
      "Alias": "bar",
      "Startup Cost": 0,
      "Total Cost": 10,
      "Plan Rows": 1000,
      "Plan Width": 4,
      "Actual Startup Time": 127.366,
      "Actual Total Time": 127.366,
      "Actual Rows": 0,
      "Actual Loops": 1,
      "Plans": [
        {
          "Node Type": "Function Scan",
          "Parent Relationship": "Member",
          "Parallel Aware": false,
          "Function Name": "generate_series",
          "Alias": "generate_series",
          "Startup Cost": 0,
          "Total Cost": 10,
          "Plan Rows": 1000,
          "Plan Width": 4,
          "Actual Startup Time": 10.297,
          "Actual Total Time": 22.034,
          "Actual Rows": 100000,
          "Actual Loops": 1
        }
      ]
    },
    "Planning Time": 0.041,
    "Triggers": [],
    "Execution Time": 128.802
  }
]
